###########parameters########### 
dataset: dataset2.txt 
Generation depth: 3 
Population Size : 200 
Maximum Iterations : 1000 
Selection Type : tournament 
tournament size : 50 
Crossover rate : 0.5 
Mutation Rate : 0.99 
Testing Threshold : 0.9 
################################ 
155 
155 
155 
155 
155 
155 
155 
155 
155 
155 
155 
155 
155 
155 
155 
155 
155 
155 
155 
155 
155 
155 
155 
155 
155 
155 
155 
155 
155 
155 
155 
155 
155 
155 
155 
154 
154 
154 
154 
153 
153 
153 
153 
153 
153 
153 
153 
153 
153 
153 
153 
153 
153 
153 
153 
153 
153 
153 
153 
153 
153 
153 
153 
153 
153 
153 
153 
153 
153 
153 
153 
153 
153 
153 
153 
153 
153 
153 
153 
153 
153 
153 
153 
153 
153 
153 
153 
153 
153 
153 
153 
153 
153 
153 
153 
153 
153 
153 
153 
153 
max iteration met
best fitness:  153
index:  71
equation:  X5-(X4+(X5*(X2*3.3172126420564605)))
acc:  73.0 %
time elapsed:  10.73488998413086
expression:  ['X5-(X4+(X5*(X2*3.3172126420564605)))']
accuracy:  0.626118067979
