###########parameters########### 
dataset: dataset2.txt 
Generation depth: 3 
Population Size : 100 
Maximum Iterations : 1000 
Selection Type : tournament 
tournament size : 50 
Crossover rate : 0.5 
Mutation Rate : 0.99 
Testing Threshold : 0.9 
################################ 
169 
167 
167 
167 
167 
167 
167 
167 
162 
162 
162 
162 
162 
162 
162 
162 
162 
162 
162 
162 
162 
162 
162 
162 
162 
162 
162 
162 
162 
162 
161 
161 
161 
161 
161 
161 
161 
161 
161 
161 
161 
161 
161 
161 
161 
161 
161 
161 
161 
161 
161 
161 
161 
161 
161 
161 
161 
161 
161 
161 
161 
161 
161 
161 
161 
161 
161 
161 
161 
161 
161 
161 
161 
161 
161 
161 
161 
161 
161 
161 
161 
161 
161 
161 
161 
161 
161 
161 
161 
161 
161 
161 
161 
161 
161 
161 
157 
157 
157 
157 
max iteration met
best fitness:  157
index:  94
equation:  ((((X5*X5)/X4)*X1)*X1)-X2
acc:  72.0 %
time elapsed:  9.088000297546387
expression:  ['((((X5*X5)/X4)*X1)*X1)-X2']
accuracy:  0.567084078712
