###########parameters########### 
dataset: dataset2.txt 
Generation depth: 3 
Population Size : 800 
Maximum Iterations : 1000 
Selection Type : tournament 
tournament size : 50 
Crossover rate : 0.5 
Mutation Rate : 0.99 
Testing Threshold : 0.9 
################################ 
157 
157 
157 
157 
157 
157 
157 
157 
157 
157 
157 
157 
157 
157 
157 
157 
157 
157 
157 
157 
157 
157 
157 
157 
157 
157 
157 
157 
157 
157 
157 
157 
157 
157 
157 
157 
157 
157 
157 
157 
157 
157 
157 
157 
157 
157 
157 
157 
157 
157 
157 
157 
157 
157 
157 
157 
157 
157 
157 
157 
157 
157 
157 
157 
157 
157 
157 
157 
157 
157 
157 
157 
157 
157 
157 
157 
157 
157 
157 
157 
157 
157 
157 
157 
157 
157 
157 
157 
157 
157 
157 
157 
157 
157 
157 
157 
157 
157 
157 
157 
max iteration met
best fitness:  157
index:  114
equation:  X5/X4/17.82014964940739-X2
acc:  72.0 %
time elapsed:  10.424483299255371
expression:  ['X5/X4/17.82014964940739-X2']
accuracy:  0.570661896243
