###########parameters########### 
dataset: dataset2.txt 
Generation depth: 3 
Population Size : 500 
Maximum Iterations : 1000 
Selection Type : tournament 
tournament size : 5 
Crossover rate : 0.5 
Mutation Rate : 0.99 
Testing Threshold : 0.9 
################################ 
164 
164 
164 
164 
164 
164 
164 
164 
164 
164 
164 
158 
158 
158 
158 
158 
158 
158 
158 
158 
158 
158 
158 
158 
158 
158 
158 
158 
158 
158 
158 
158 
158 
158 
158 
158 
158 
158 
158 
158 
158 
158 
158 
158 
158 
158 
158 
158 
158 
158 
158 
158 
158 
158 
158 
158 
158 
158 
158 
158 
158 
158 
158 
158 
158 
158 
158 
158 
158 
158 
158 
158 
158 
158 
158 
158 
158 
158 
158 
158 
158 
158 
158 
158 
158 
158 
158 
158 
158 
158 
158 
158 
158 
158 
158 
158 
157 
153 
153 
153 
max iteration met
best fitness:  153
index:  486
equation:  (X5-(4.53564131899169*X3))-((X2*13.589083470493652)*X5)
acc:  73.0 %
time elapsed:  10.753564834594727
expression:  ['(X5-(4.53564131899169*X3))-((X2*13.589083470493652)*X5)']
accuracy:  0.672629695886
