###########parameters########### 
dataset: dataset2.txt 
Generation depth: 3 
Population Size : 500 
Maximum Iterations : 1000 
Selection Type : tournament 
tournament size : 15 
Crossover rate : 0.5 
Mutation Rate : 0.99 
Testing Threshold : 0.9 
################################ 
162 
162 
162 
162 
162 
162 
162 
162 
162 
162 
162 
162 
162 
162 
162 
162 
162 
158 
158 
158 
158 
158 
158 
158 
158 
158 
158 
158 
158 
158 
158 
158 
158 
158 
158 
155 
155 
155 
155 
155 
155 
155 
155 
155 
155 
155 
155 
155 
153 
153 
153 
153 
153 
152 
152 
152 
152 
152 
152 
152 
152 
152 
147 
147 
147 
147 
147 
147 
147 
147 
147 
147 
147 
147 
147 
147 
147 
147 
147 
147 
147 
147 
147 
147 
147 
147 
147 
147 
147 
147 
147 
147 
147 
143 
143 
143 
143 
143 
143 
143 
max iteration met
best fitness:  143
index:  459
equation:  (X4/X4)-((((X4*(X4+X3))+X4)+X2)+X2)
acc:  74.0 %
time elapsed:  12.441506147384644
expression:  ['(X4/X4)-((((X4*(X4+X3))+X4)+X2)+X2)']
accuracy:  0.592128801431
