###########parameters########### 
dataset: dataset2.txt 
Generation depth: 3 
Population Size : 500 
Maximum Iterations : 1000 
Selection Type : tournament 
tournament size : 25 
Crossover rate : 0.5 
Mutation Rate : 0.99 
Testing Threshold : 0.9 
################################ 
162 
162 
162 
162 
162 
162 
162 
162 
162 
162 
162 
162 
162 
162 
162 
162 
162 
162 
162 
162 
162 
162 
162 
162 
162 
162 
162 
162 
162 
162 
162 
162 
159 
159 
159 
159 
159 
159 
159 
159 
159 
159 
159 
159 
159 
159 
159 
159 
159 
159 
159 
159 
159 
159 
159 
157 
157 
157 
157 
157 
157 
157 
157 
157 
157 
157 
157 
157 
157 
157 
157 
157 
157 
157 
157 
157 
157 
157 
157 
157 
157 
157 
157 
157 
157 
157 
157 
157 
157 
157 
157 
157 
157 
157 
157 
157 
157 
157 
157 
157 
max iteration met
best fitness:  157
index:  290
equation:  X2+(X5-(X2*9.083229913047932))
acc:  72.0 %
time elapsed:  10.047168493270874
expression:  ['X2+(X5-(X2*9.083229913047932))']
accuracy:  0.663685152057
