###########parameters########### 
dataset: dataset2.txt 
Generation depth: 3 
Population Size : 500 
Maximum Iterations : 1000 
Selection Type : tournament 
tournament size : 45 
Crossover rate : 0.5 
Mutation Rate : 0.99 
Testing Threshold : 0.9 
################################ 
156 
156 
156 
156 
156 
156 
156 
156 
156 
156 
156 
156 
156 
156 
156 
156 
156 
156 
156 
156 
156 
156 
156 
153 
153 
153 
153 
153 
153 
153 
153 
153 
153 
153 
153 
153 
150 
150 
150 
150 
150 
150 
150 
150 
150 
150 
150 
150 
150 
150 
150 
150 
150 
150 
150 
150 
150 
150 
150 
150 
150 
150 
150 
150 
150 
150 
150 
150 
150 
150 
150 
150 
150 
150 
150 
150 
150 
150 
150 
150 
147 
147 
147 
147 
147 
147 
147 
147 
147 
147 
147 
147 
147 
147 
147 
147 
146 
146 
146 
144 
max iteration met
best fitness:  144
index:  496
equation:  X5-(X4*(28.247698129504858*((X4*(X4*(28.34769812950486*(X5*(X4*X3)))))*X4)))
acc:  74.0 %
time elapsed:  11.663338661193848
expression:  ['X5-(X4*(28.247698129504858*((X4*(X4*(28.34769812950486*(X5*(X4*X3)))))*X4)))']
accuracy:  0.565295169946
