###########parameters########### 
dataset: dataset2.txt 
Generation depth: 3 
Population Size : 500 
Maximum Iterations : 1000 
Selection Type : select_best 
tournament size : 40 
Crossover rate : 0.5 
Mutation Rate : 0.99 
Testing Threshold : 0.5 
################################ 
157 
157 
157 
157 
157 
157 
157 
157 
157 
157 
157 
157 
157 
157 
157 
157 
157 
157 
157 
157 
157 
157 
157 
157 
157 
157 
157 
157 
157 
157 
157 
152 
152 
152 
152 
152 
152 
152 
152 
152 
152 
152 
152 
152 
152 
152 
152 
152 
152 
152 
152 
152 
152 
152 
152 
152 
152 
152 
152 
152 
152 
152 
152 
152 
152 
152 
152 
152 
152 
152 
152 
152 
152 
152 
152 
152 
152 
152 
152 
152 
152 
152 
152 
152 
152 
152 
152 
152 
152 
152 
152 
152 
152 
152 
152 
152 
152 
152 
152 
152 
max iteration met
best fitness:  152
index:  44
equation:  (((X5-X3)-X2)-X4)-X3
acc:  73.0 %
time elapsed:  10.51025128364563
expression:  ['(((X5-X3)-X2)-X4)-X3']
accuracy:  0.728085867621
