###########parameters########### 
dataset: dataset2.txt 
Generation depth: 3 
Population Size : 500 
Maximum Iterations : 1000 
Selection Type : select_best 
tournament size : 40 
Crossover rate : 0.5 
Mutation Rate : 0.99 
Testing Threshold : 0.5 
################################ 
159 
159 
159 
159 
159 
159 
159 
159 
159 
159 
159 
159 
159 
159 
159 
159 
159 
159 
159 
159 
159 
159 
159 
159 
159 
159 
159 
159 
159 
159 
159 
159 
159 
159 
159 
159 
159 
159 
159 
159 
159 
159 
159 
159 
159 
159 
159 
159 
159 
159 
159 
159 
159 
159 
159 
159 
159 
159 
159 
159 
159 
159 
159 
159 
159 
159 
159 
159 
159 
159 
159 
159 
159 
159 
159 
159 
159 
159 
159 
159 
159 
159 
159 
159 
159 
159 
159 
159 
159 
159 
159 
159 
159 
159 
159 
159 
159 
159 
159 
159 
max iteration met
best fitness:  159
index:  14
equation:  X5/X4-(X3+X5)
acc:  72.0 %
time elapsed:  10.42149043083191
expression:  ['X5/X4-(X3+X5)']
accuracy:  0.715563506261
