###########parameters########### 
dataset: dataset2.txt 
Generation depth: 3 
Population Size : 500 
Maximum Iterations : 1000 
Selection Type : select_best 
tournament size : 40 
Crossover rate : 0.5 
Mutation Rate : 0.99 
Testing Threshold : 0.5 
################################ 
164 
164 
164 
164 
164 
164 
164 
164 
164 
164 
164 
164 
164 
164 
164 
164 
164 
164 
164 
164 
161 
161 
161 
161 
161 
160 
160 
160 
160 
160 
158 
158 
154 
154 
154 
154 
154 
154 
151 
151 
151 
151 
151 
151 
151 
151 
151 
151 
151 
151 
151 
151 
151 
147 
145 
145 
145 
145 
145 
145 
145 
145 
144 
144 
144 
144 
144 
144 
144 
144 
144 
144 
144 
144 
144 
144 
144 
144 
144 
144 
144 
144 
144 
143 
143 
143 
143 
143 
143 
143 
143 
143 
143 
143 
143 
143 
143 
143 
143 
143 
max iteration met
best fitness:  143
index:  418
equation:  X5-(34.852224328227145*((((X2*X5)*(34.952224328227146*((((X2*X4)*X4)*X4)*X5)))*X5)*X2))
acc:  74.0 %
time elapsed:  22.329320192337036
expression:  ['X5-(34.852224328227145*((((X2*X5)*(34.952224328227146*((((X2*X4)*X4)*X4)*X5)))*X5)*X2))']
accuracy:  0.742397137746
