###########parameters########### 
dataset: dataset2.txt 
Generation depth: 3 
Population Size : 100 
Maximum Iterations : 1000 
Selection Type : select_best 
tournament size : 25 
Crossover rate : 0.5 
Mutation Rate : 0.99 
Testing Threshold : 0.5 
################################ 
163 
163 
162 
162 
162 
162 
162 
162 
162 
162 
162 
162 
162 
162 
162 
162 
162 
162 
162 
162 
162 
162 
162 
162 
162 
162 
162 
162 
162 
162 
162 
162 
162 
162 
162 
162 
162 
162 
162 
162 
162 
162 
162 
162 
162 
162 
162 
162 
162 
162 
162 
162 
162 
162 
162 
162 
162 
162 
162 
162 
162 
162 
162 
162 
162 
162 
162 
162 
162 
162 
162 
162 
162 
162 
157 
157 
157 
157 
157 
157 
150 
150 
150 
150 
147 
147 
147 
147 
147 
147 
147 
147 
147 
147 
147 
147 
147 
147 
147 
147 
max iteration met
best fitness:  147
index:  48
equation:  X5-(X3+(((27.751042895444865*X3)*X4)+(((27.851042895444866*X3)*X4)+X2)))
acc:  74.0 %
time elapsed:  9.818230867385864
expression:  ['X5-(X3+(((27.751042895444865*X3)*X4)+(((27.851042895444866*X3)*X4)+X2)))']
accuracy:  0.737030411449
