###########parameters########### 
dataset: dataset2.txt 
Generation depth: 3 
Population Size : 10 
Maximum Iterations : 1000 
Selection Type : select_best 
tournament size : 4 
Crossover rate : 0.5 
Mutation Rate : 0.99 
Testing Threshold : 0.5 
################################ 
203 
177 
177 
177 
177 
177 
177 
177 
174 
174 
174 
174 
165 
163 
157 
157 
157 
144 
144 
144 
144 
144 
144 
144 
144 
144 
144 
144 
144 
144 
144 
144 
144 
144 
144 
144 
144 
144 
144 
144 
144 
144 
144 
144 
144 
144 
144 
144 
144 
144 
144 
144 
144 
144 
144 
144 
144 
144 
144 
144 
144 
144 
144 
144 
144 
144 
144 
144 
144 
144 
144 
144 
144 
144 
144 
144 
144 
144 
144 
144 
144 
144 
144 
144 
144 
144 
144 
144 
144 
144 
144 
144 
144 
144 
144 
144 
144 
144 
144 
144 
max iteration met
best fitness:  144
index:  0
equation:  (X1/X1)-((X2+X2)+((X2-X2)+X4))
acc:  74.0 %
time elapsed:  12.104791164398193
expression:  ['(X1/X1)-((X2+X2)+((X2-X2)+X4))']
accuracy:  0.742397137746
