###########parameters########### 
dataset: dataset2.txt 
Generation depth: 3 
Population Size : 200 
Maximum Iterations : 1000 
Selection Type : select_best 
tournament size : 50 
Crossover rate : 0.5 
Mutation Rate : 0.99 
Testing Threshold : 0.5 
################################ 
162 
162 
162 
162 
162 
162 
162 
162 
162 
162 
162 
162 
162 
162 
162 
162 
162 
162 
162 
162 
162 
162 
162 
162 
162 
162 
162 
162 
162 
162 
162 
162 
162 
162 
162 
162 
162 
162 
162 
162 
162 
162 
162 
162 
162 
162 
162 
162 
156 
156 
156 
156 
156 
156 
156 
156 
156 
156 
156 
156 
156 
156 
156 
156 
156 
156 
156 
156 
156 
156 
156 
156 
156 
156 
156 
156 
156 
156 
156 
156 
156 
156 
156 
156 
156 
156 
152 
152 
152 
152 
152 
152 
152 
152 
152 
152 
152 
152 
152 
152 
max iteration met
best fitness:  152
index:  124
equation:  ((((X3*X1)-X5)*X2)-X3)-X3
acc:  73.0 %
time elapsed:  10.150087594985962
expression:  ['((((X3*X1)-X5)*X2)-X3)-X3']
accuracy:  0.728085867621
