###########parameters########### 
dataset: dataset2.txt 
Generation depth: 3 
Population Size : 1000 
Maximum Iterations : 1000 
Selection Type : select_best 
tournament size : 250 
Crossover rate : 0.5 
Mutation Rate : 0.99 
Testing Threshold : 0.5 
################################ 
165 
165 
165 
165 
165 
165 
165 
165 
165 
165 
165 
165 
165 
165 
165 
165 
165 
165 
165 
165 
165 
165 
165 
165 
165 
165 
165 
165 
165 
165 
165 
165 
162 
162 
162 
162 
162 
162 
162 
162 
162 
162 
162 
162 
162 
162 
162 
162 
162 
162 
162 
162 
162 
162 
162 
162 
162 
162 
162 
162 
162 
162 
162 
162 
162 
162 
162 
162 
162 
162 
162 
162 
162 
162 
162 
162 
162 
162 
162 
162 
149 
149 
149 
149 
149 
149 
149 
149 
149 
149 
147 
147 
147 
147 
147 
147 
147 
147 
147 
147 
max iteration met
best fitness:  147
index:  916
equation:  X5-((X3*X5)+(X5*((X4*X4)+(X5*X2))))
acc:  74.0 %
time elapsed:  12.059248208999634
expression:  ['X5-((X3*X5)+(X5*((X4*X4)+(X5*X2))))']
accuracy:  0.735241502683
