###########parameters########### 
dataset: dataset2.txt 
Generation depth: 3 
Population Size : 10 
Maximum Iterations : 1000 
Selection Type : select_best 
tournament size : 4 
Crossover rate : 0.5 
Mutation Rate : 0.99 
Testing Threshold : 0.5 
################################ 
170 
169 
169 
169 
169 
169 
169 
169 
163 
163 
163 
163 
163 
163 
163 
163 
163 
157 
157 
157 
157 
157 
157 
157 
157 
157 
157 
157 
157 
157 
157 
157 
157 
157 
157 
157 
157 
157 
157 
157 
157 
157 
157 
157 
157 
157 
157 
157 
157 
157 
157 
157 
157 
157 
157 
157 
157 
157 
157 
157 
157 
157 
157 
157 
157 
157 
157 
157 
157 
157 
157 
157 
157 
157 
157 
157 
157 
157 
157 
157 
157 
157 
157 
157 
157 
157 
157 
157 
157 
157 
157 
157 
157 
157 
150 
150 
150 
150 
150 
150 
max iteration met
best fitness:  150
index:  0
equation:  (X3/(35.40981932370787*X3))-(X3*X4)
acc:  73.0 %
time elapsed:  12.92638897895813
expression:  ['(X3/(35.40981932370787*X3))-(X3*X4)']
accuracy:  0.731663685152
