###########parameters########### 
dataset: dataset2.txt 
Generation depth: 3 
Population Size : 15000 
Maximum Iterations : 1000 
Selection Type : select_best 
tournament size : 2500 
Crossover rate : 0.5 
Mutation Rate : 0.99 
Testing Threshold : 0.5 
################################ 
153 
153 
153 
153 
149 
149 
149 
149 
149 
149 
149 
149 
149 
149 
149 
149 
149 
149 
149 
149 
149 
149 
149 
149 
149 
149 
149 
149 
149 
149 
149 
149 
149 
149 
149 
149 
149 
149 
149 
149 
149 
149 
149 
149 
149 
149 
149 
149 
149 
149 
149 
149 
149 
149 
149 
149 
149 
149 
149 
149 
149 
149 
149 
149 
149 
149 
149 
149 
149 
149 
149 
149 
149 
149 
149 
149 
149 
149 
149 
149 
149 
149 
149 
149 
149 
149 
149 
149 
149 
149 
149 
149 
149 
149 
149 
149 
149 
149 
149 
149 
max iteration met
best fitness:  149
index:  13091
equation:  (X5-(X3*(X4*34.1251590016715)))-(X2+X2)
acc:  73.0 %
time elapsed:  73.94658422470093
expression:  ['(X5-(X3*(X4*34.1251590016715)))-(X2+X2)']
accuracy:  0.733452593918
