###########parameters########### 
dataset: dataset2.txt 
Generation depth: 3 
Population Size : 10 
Maximum Iterations : 1000 
Selection Type : select_best 
tournament size : 4 
Crossover rate : 0.5 
Mutation Rate : 0.99 
Testing Threshold : 0.5 
################################ 
256 
256 
176 
173 
172 
169 
169 
166 
166 
166 
166 
165 
164 
164 
163 
150 
150 
150 
150 
150 
150 
150 
150 
150 
150 
150 
150 
150 
150 
150 
150 
150 
145 
145 
145 
145 
145 
145 
145 
145 
145 
145 
145 
145 
145 
145 
145 
145 
145 
145 
145 
145 
145 
145 
145 
145 
145 
145 
145 
145 
145 
145 
145 
145 
145 
145 
145 
145 
145 
145 
145 
145 
145 
145 
145 
145 
144 
143 
143 
143 
143 
143 
143 
143 
143 
143 
143 
143 
143 
143 
143 
142 
142 
142 
142 
142 
142 
142 
142 
142 
max iteration met
best fitness:  142
index:  0
equation:  ((1.9031292542618092+((X5+(1.8031292542618091*X4))*X3))-((X2+(1.9031292542618092*X4))*X4))-(X2+((1.9031292542618092*X4)+((X2+(1.8031292542618091-X4))*X3)))
acc:  75.0 %
time elapsed:  26.193053245544434
expression:  ['((1.9031292542618092+((X5+(1.8031292542618091*X4))*X3))-((X2+(1.9031292542618092*X4))*X4))-(X2+((1.9031292542618092*X4)+((X2+(1.8031292542618091-X4))*X3)))']
accuracy:  0.745974955277
