###########parameters########### 
dataset: dataset2.txt 
Generation depth: 3 
Population Size : 10 
Maximum Iterations : 1000 
Selection Type : select_best 
tournament size : 4 
Crossover rate : 0.5 
Mutation Rate : 0.99 
Testing Threshold : 0.5 
################################ 
262 
261 
261 
261 
214 
214 
171 
171 
171 
171 
171 
171 
171 
171 
171 
171 
171 
171 
171 
171 
171 
171 
165 
165 
165 
165 
165 
165 
165 
165 
165 
165 
165 
165 
165 
165 
165 
165 
165 
165 
165 
165 
165 
165 
162 
162 
162 
162 
162 
162 
158 
158 
158 
158 
158 
158 
158 
158 
158 
158 
158 
157 
157 
157 
157 
157 
157 
157 
157 
157 
157 
157 
157 
153 
153 
153 
153 
152 
152 
152 
152 
152 
152 
152 
152 
152 
152 
152 
152 
152 
152 
152 
152 
152 
152 
152 
152 
152 
152 
152 
max iteration met
best fitness:  152
index:  0
equation:  (X1-X1)+((((X5-X4)-X3)-X3)-X2)
acc:  73.0 %
time elapsed:  12.185945749282837
expression:  ['(X1-X1)+((((X5-X4)-X3)-X3)-X2)']
accuracy:  0.728085867621
