###########parameters########### 
dataset: dataset2.txt 
Generation depth: 3 
Population Size : 10 
Maximum Iterations : 1000 
Selection Type : select_best 
tournament size : 4 
Crossover rate : 0.5 
Mutation Rate : 0.99 
Testing Threshold : 0.5 
################################ 
172 
172 
172 
172 
171 
169 
169 
169 
165 
165 
165 
165 
165 
165 
165 
165 
165 
165 
162 
162 
162 
162 
162 
162 
162 
162 
162 
162 
162 
162 
162 
162 
162 
162 
162 
162 
162 
162 
162 
162 
161 
161 
161 
161 
161 
161 
161 
161 
161 
161 
161 
161 
161 
161 
161 
161 
161 
161 
161 
161 
161 
161 
161 
161 
161 
161 
161 
161 
161 
161 
161 
161 
161 
161 
161 
161 
161 
160 
160 
158 
157 
155 
151 
151 
151 
151 
151 
151 
151 
148 
147 
145 
145 
145 
145 
145 
145 
145 
145 
145 
max iteration met
best fitness:  145
index:  0
equation:  10.153602449724726-((X4*9.853602449724727)+(X2+(((X5+(10.153602449724726*X2))*10.253602449724726)/9.953602449724727)))
acc:  74.0 %
time elapsed:  9.88953161239624
expression:  ['10.153602449724726-((X4*9.853602449724727)+(X2+(((X5+(10.153602449724726*X2))*10.253602449724726)/9.953602449724727)))']
accuracy:  0.74060822898
